<?xml version="1.0" encoding="UTF-8"?>
<!-- Generated by org.testng.reporters.JUnitReportReporter -->
<testsuite skipped="0" hostname="raputtas" name="com.training.sanity.tests.ELTC_061Tests" tests="1" failures="0" timestamp="21 Mar 2019 06:05:56 GMT" time="169.284" errors="0">
  <testcase name="createaCourseTest" time="169.284" classname="com.training.sanity.tests.ELTC_061Tests"/>
</testsuite> <!-- com.training.sanity.tests.ELTC_061Tests -->
