<?xml version="1.0" encoding="UTF-8"?>
<!-- Generated by org.testng.reporters.JUnitReportReporter -->
<testsuite skipped="0" hostname="raputtas" name="com.training.sanity.tests.LoginTests" tests="1" failures="0" timestamp="06 Mar 2019 05:08:28 GMT" time="15.973" errors="0">
  <testcase name="validLoginTest" time="15.973" classname="com.training.sanity.tests.LoginTests"/>
</testsuite> <!-- com.training.sanity.tests.LoginTests -->
