<?xml version="1.0" encoding="UTF-8"?>
<!-- Generated by org.testng.reporters.JUnitReportReporter -->
<testsuite skipped="1" hostname="raputtas" name="com.training.sanity.tests.ELTC_093Tests" tests="1" failures="0" timestamp="01 Apr 2019 13:38:02 GMT" time="0.000" errors="0">
  <testcase name="createaCourseTest" time="0.000" classname="com.training.sanity.tests.ELTC_093Tests">
    <skipped/>
  </testcase> <!-- createaCourseTest -->
</testsuite> <!-- com.training.sanity.tests.ELTC_093Tests -->
