<?xml version="1.0" encoding="UTF-8"?>
<!-- Generated by org.testng.reporters.JUnitReportReporter -->
<testsuite skipped="0" hostname="raputtas" name="com.training.sanity.tests.ELTC_031Tests" tests="1" failures="0" timestamp="11 Mar 2019 07:06:34 GMT" time="20.679" errors="0">
  <testcase name="registrationTest" time="20.679" classname="com.training.sanity.tests.ELTC_031Tests"/>
</testsuite> <!-- com.training.sanity.tests.ELTC_031Tests -->
