<?xml version="1.0" encoding="UTF-8"?>
<!-- Generated by org.testng.reporters.JUnitReportReporter -->
<testsuite skipped="0" hostname="raputtas" name="com.training.sanity.tests.ELTC_034Tests" tests="1" failures="0" timestamp="09 Mar 2019 16:52:57 GMT" time="41.752" errors="0">
  <testcase name="createaCourseTest" time="41.752" classname="com.training.sanity.tests.ELTC_034Tests"/>
</testsuite> <!-- com.training.sanity.tests.ELTC_034Tests -->
