<?xml version="1.0" encoding="UTF-8"?>
<!-- Generated by org.testng.reporters.JUnitReportReporter -->
<testsuite skipped="0" hostname="raputtas" name="com.training.sanity.tests.ELTC_033Tests" tests="1" failures="0" timestamp="09 Mar 2019 16:03:25 GMT" time="28.010" errors="0">
  <testcase name="createaCourseTest" time="28.010" classname="com.training.sanity.tests.ELTC_033Tests"/>
</testsuite> <!-- com.training.sanity.tests.ELTC_033Tests -->
