<?xml version="1.0" encoding="UTF-8"?>
<!-- Generated by org.testng.reporters.JUnitReportReporter -->
<testsuite skipped="0" hostname="raputtas" name="com.training.sanity.tests.ELTC_035Tests" tests="1" failures="0" timestamp="11 Mar 2019 04:35:18 GMT" time="36.567" errors="0">
  <testcase name="createaCourseTest" time="36.567" classname="com.training.sanity.tests.ELTC_035Tests"/>
</testsuite> <!-- com.training.sanity.tests.ELTC_035Tests -->
