<?xml version="1.0" encoding="UTF-8"?>
<!-- Generated by org.testng.reporters.JUnitReportReporter -->
<testsuite skipped="0" hostname="raputtas" name="com.training.sanity.tests.ELTC_091Tests" tests="4" failures="0" timestamp="23 Mar 2019 06:18:13 GMT" time="93.908" errors="0">
  <testcase name="registrationTest" time="22.885" classname="com.training.sanity.tests.ELTC_091Tests"/>
  <testcase name="registrationTest" time="25.846" classname="com.training.sanity.tests.ELTC_091Tests"/>
  <testcase name="registrationTest" time="22.823" classname="com.training.sanity.tests.ELTC_091Tests"/>
  <testcase name="registrationTest" time="22.354" classname="com.training.sanity.tests.ELTC_091Tests"/>
</testsuite> <!-- com.training.sanity.tests.ELTC_091Tests -->
