<?xml version="1.0" encoding="UTF-8"?>
<!-- Generated by org.testng.reporters.JUnitReportReporter -->
<testsuite skipped="0" hostname="raputtas" name="com.training.sanity.tests.ELTC_031aTests" tests="1" failures="0" timestamp="22 Mar 2019 16:38:26 GMT" time="33.872" errors="0">
  <testcase name="createaCourseTest" time="33.872" classname="com.training.sanity.tests.ELTC_031aTests"/>
</testsuite> <!-- com.training.sanity.tests.ELTC_031aTests -->
