<?xml version="1.0" encoding="UTF-8"?>
<!-- Generated by org.testng.reporters.JUnitReportReporter -->
<testsuite skipped="0" hostname="raputtas" name="com.training.sanity.tests.ELTC_064Tests" tests="1" failures="0" timestamp="16 Mar 2019 09:32:17 GMT" time="30.191" errors="0">
  <testcase name="createaCourseTest" time="30.191" classname="com.training.sanity.tests.ELTC_064Tests"/>
</testsuite> <!-- com.training.sanity.tests.ELTC_064Tests -->
