<?xml version="1.0" encoding="UTF-8"?>
<!-- Generated by org.testng.reporters.JUnitReportReporter -->
<testsuite skipped="0" hostname="raputtas" name="com.training.sanity.tests.ELTC_065Tests" tests="1" failures="0" timestamp="16 Mar 2019 06:54:53 GMT" time="24.774" errors="0">
  <testcase name="createaCourseTest" time="24.774" classname="com.training.sanity.tests.ELTC_065Tests"/>
</testsuite> <!-- com.training.sanity.tests.ELTC_065Tests -->
